<?xml version="1.0" encoding="UTF-8"?>
<!-- Generated by org.testng.reporters.JUnitXMLReporter -->
<testsuite ignored="0" hostname="LAPTOP-RT3BFCH1" failures="0" tests="12" name="Default test" time="68.905" errors="0" timestamp="2022-03-31T19:40:47 EDT">
  <testcase classname="jovita.ae.Assignment.AESearchGiftCardCheckout" name="locateSearch" time="5.647"/>
  <testcase classname="jovita.ae.Assignment.AESearchGiftCardCheckout" name="locateProduct" time="7.235"/>
  <testcase classname="jovita.ae.Assignment.AESearchGiftCardCheckout" name="selectColor" time="4.314"/>
  <testcase classname="jovita.ae.Assignment.AESearchGiftCardCheckout" name="selectSize" time="4.261"/>
  <testcase classname="jovita.ae.Assignment.AESearchGiftCardCheckout" name="selectQuantity" time="2.136"/>
  <testcase classname="jovita.ae.Assignment.AESearchGiftCardCheckout" name="clickAddToBag" time="2.167"/>
  <testcase classname="jovita.ae.Assignment.AESearchGiftCardCheckout" name="clickViewBag" time="2.193"/>
  <testcase classname="jovita.ae.Assignment.AESearchGiftCardCheckout" name="proceedToCheckout" time="10.338"/>
  <testcase classname="jovita.ae.Assignment.AESearchGiftCardCheckout" name="personalInfo" time="9.467"/>
  <testcase classname="jovita.ae.Assignment.AESearchGiftCardCheckout" name="addressInfo" time="2.236"/>
  <testcase classname="jovita.ae.Assignment.AESearchGiftCardCheckout" name="giftCardInfo" time="11.647"/>
  <testcase classname="jovita.ae.Assignment.AESearchGiftCardCheckout" name="ErrorMessage" time="4.069"/>
</testsuite> <!-- Default test -->
