<?xml version="1.0" encoding="UTF-8"?>
<!-- Generated by org.testng.reporters.JUnitXMLReporter -->
<testsuite ignored="0" hostname="LAPTOP-RT3BFCH1" failures="0" tests="46" name="Test" time="263.86" errors="0" timestamp="2022-04-02T13:16:40 EDT">
  <testcase classname="jovita.ae.Assignment.AEPdpGiftCardCheckout" name="color" time="9.306"/>
  <testcase classname="jovita.ae.Assignment.AEPdpGiftCardCheckout" name="size" time="4.259"/>
  <testcase classname="jovita.ae.Assignment.AEPdpGiftCardCheckout" name="noOfItems" time="2.135"/>
  <testcase classname="jovita.ae.Assignment.AEPdpGiftCardCheckout" name="addBag" time="2.156"/>
  <testcase classname="jovita.ae.Assignment.AEPdpGiftCardCheckout" name="viewBag" time="6.153"/>
  <testcase classname="jovita.ae.Assignment.AEPdpGiftCardCheckout" name="proceedCheckout" time="10.386"/>
  <testcase classname="jovita.ae.Assignment.AEPdpGiftCardCheckout" name="shippingInfo" time="11.638"/>
  <testcase classname="jovita.ae.Assignment.AEPdpGiftCardCheckout" name="address" time="4.269"/>
  <testcase classname="jovita.ae.Assignment.AEPdpGiftCardCheckout" name="GiftCardInfo" time="11.638"/>
  <testcase classname="jovita.ae.Assignment.AEPdpGiftCardCheckout" name="ErrorMessage" time="4.067"/>
  <testcase classname="jovita.ae.Assignment.AEPdpCreditCardCheckout" name="color" time="10.254"/>
  <testcase classname="jovita.ae.Assignment.AEPdpCreditCardCheckout" name="size" time="4.244"/>
  <testcase classname="jovita.ae.Assignment.AEPdpCreditCardCheckout" name="noOfItems" time="2.123"/>
  <testcase classname="jovita.ae.Assignment.AEPdpCreditCardCheckout" name="addBag" time="2.146"/>
  <testcase classname="jovita.ae.Assignment.AEPdpCreditCardCheckout" name="viewBag" time="6.156"/>
  <testcase classname="jovita.ae.Assignment.AEPdpCreditCardCheckout" name="proceedCheckout" time="10.273"/>
  <testcase classname="jovita.ae.Assignment.AEPdpCreditCardCheckout" name="shippingInfo" time="10.839"/>
  <testcase classname="jovita.ae.Assignment.AEPdpCreditCardCheckout" name="address" time="4.26"/>
  <testcase classname="jovita.ae.Assignment.AEPdpCreditCardCheckout" name="CardInfo" time="3.913"/>
  <testcase classname="jovita.ae.Assignment.AEPdpCreditCardCheckout" name="placeOrder" time="6.217"/>
  <testcase classname="jovita.ae.Assignment.AEPdpCreditCardCheckout" name="OrderConfirmationTest" time="4.062"/>
  <testcase classname="jovita.ae.Assignment.AESearchGiftCardCheckout" name="locateSearch" time="5.613"/>
  <testcase classname="jovita.ae.Assignment.AESearchGiftCardCheckout" name="locateProduct" time="7.209"/>
  <testcase classname="jovita.ae.Assignment.AESearchGiftCardCheckout" name="selectColor" time="4.289"/>
  <testcase classname="jovita.ae.Assignment.AESearchGiftCardCheckout" name="selectSize" time="4.229"/>
  <testcase classname="jovita.ae.Assignment.AESearchGiftCardCheckout" name="selectQuantity" time="2.121"/>
  <testcase classname="jovita.ae.Assignment.AESearchGiftCardCheckout" name="clickAddToBag" time="2.169"/>
  <testcase classname="jovita.ae.Assignment.AESearchGiftCardCheckout" name="clickViewBag" time="2.136"/>
  <testcase classname="jovita.ae.Assignment.AESearchGiftCardCheckout" name="proceedToCheckout" time="10.364"/>
  <testcase classname="jovita.ae.Assignment.AESearchGiftCardCheckout" name="personalInfo" time="8.781"/>
  <testcase classname="jovita.ae.Assignment.AESearchGiftCardCheckout" name="addressInfo" time="2.247"/>
  <testcase classname="jovita.ae.Assignment.AESearchGiftCardCheckout" name="giftCardInfo" time="11.64"/>
  <testcase classname="jovita.ae.Assignment.AESearchGiftCardCheckout" name="ErrorMessage" time="4.078"/>
  <testcase classname="jovita.ae.Assignment.AESearchCCardCheckout" name="locateSearch" time="5.65"/>
  <testcase classname="jovita.ae.Assignment.AESearchCCardCheckout" name="locateProduct" time="7.249"/>
  <testcase classname="jovita.ae.Assignment.AESearchCCardCheckout" name="selectColor" time="4.299"/>
  <testcase classname="jovita.ae.Assignment.AESearchCCardCheckout" name="selectSize" time="4.277"/>
  <testcase classname="jovita.ae.Assignment.AESearchCCardCheckout" name="selectQuantity" time="0.126"/>
  <testcase classname="jovita.ae.Assignment.AESearchCCardCheckout" name="clickAddToBag" time="2.163"/>
  <testcase classname="jovita.ae.Assignment.AESearchCCardCheckout" name="clickViewBag" time="2.176"/>
  <testcase classname="jovita.ae.Assignment.AESearchCCardCheckout" name="proceedToCheckout" time="10.358"/>
  <testcase classname="jovita.ae.Assignment.AESearchCCardCheckout" name="personalInfo" time="8.892"/>
  <testcase classname="jovita.ae.Assignment.AESearchCCardCheckout" name="addressInfo" time="2.252"/>
  <testcase classname="jovita.ae.Assignment.AESearchCCardCheckout" name="creditCardDetails" time="2.13"/>
  <testcase classname="jovita.ae.Assignment.AESearchCCardCheckout" name="clickPlaceOrder" time="4.24"/>
  <testcase classname="jovita.ae.Assignment.AESearchCCardCheckout" name="orderConfirmationMessage" time="4.727"/>
</testsuite> <!-- Test -->
