<?xml version="1.0" encoding="UTF-8"?>
<!-- Generated by org.testng.reporters.JUnitReportReporter -->
<testsuite hostname="LAPTOP-RT3BFCH1" failures="0" tests="2" name="cucumberTest.TestRunnerCheckout" time="22.059" errors="1" timestamp="2022-04-10T01:19:49 EDT" skipped="0">
  <testcase classname="cucumberTest.TestRunnerCheckout" name="runScenario" time="0.019">
    <error message="Cannot invoke &quot;jovita.ae.driverChrome.AEChromeDriverSetup.getDriver(String)&quot; because &quot;this.driverSetup&quot; is null" type="java.lang.NullPointerException">
      <![CDATA[java.lang.NullPointerException: Cannot invoke "jovita.ae.driverChrome.AEChromeDriverSetup.getDriver(String)" because "this.driverSetup" is null
at useCaseBDD.Checkout.<init>(Checkout.java:25)
at stepDefinition1.PDPCheckoutStepDefinition.viewBag(PDPCheckoutStepDefinition.java:84)
at ✽.User clicks View bag in AddedToBag page(file:///C:/Users/Jovita%20Joseph/eclipse-workspace/AEO/src/main/resources/features/PDPCheckout.feature:17)
]]>
    </error>
  </testcase> <!-- runScenario -->
  <system-out/>
  <testcase classname="cucumberTest.TestRunnerCheckout" name="runScenario" time="22.040"/>
  <system-out/>
</testsuite> <!-- cucumberTest.TestRunnerCheckout -->
